This is pdfTeX, Version 3.14159265-2.6-1.40.21 (TeX Live 2020) (preloaded format=pdflatex 2020.8.16)  26 OCT 2021 19:06
entering extended mode
 restricted \write18 enabled.
 %&-line parsing enabled.
**report.tex
(./report.tex
LaTeX2e <2020-02-02> patch level 5
L3 programming layer <2020-08-07>
(/home/anupam/.TinyTeX/texmf-dist/tex/latex/base/article.cls
Document Class: article 2019/12/20 v1.4l Standard LaTeX document class
(/home/anupam/.TinyTeX/texmf-dist/tex/latex/base/size11.clo
File: size11.clo 2019/12/20 v1.4l Standard LaTeX file (size option)
)
\c@part=\count168
\c@section=\count169
\c@subsection=\count170
\c@subsubsection=\count171
\c@paragraph=\count172
\c@subparagraph=\count173
\c@figure=\count174
\c@table=\count175
\abovecaptionskip=\skip47
\belowcaptionskip=\skip48
\bibindent=\dimen134
)
(/home/anupam/.TinyTeX/texmf-dist/tex/latex/base/inputenc.sty
Package: inputenc 2018/08/11 v1.3c Input encoding file
\inpenc@prehook=\toks15
\inpenc@posthook=\toks16
)
(/home/anupam/.TinyTeX/texmf-dist/tex/latex/geometry/geometry.sty
Package: geometry 2020/01/02 v5.9 Page Geometry

(/home/anupam/.TinyTeX/texmf-dist/tex/latex/graphics/keyval.sty
Package: keyval 2014/10/28 v1.15 key=value parser (DPC)
\KV@toks@=\toks17
)
(/home/anupam/.TinyTeX/texmf-dist/tex/generic/iftex/ifvtex.sty
Package: ifvtex 2019/10/25 v1.7 ifvtex legacy package. Use iftex instead.

(/home/anupam/.TinyTeX/texmf-dist/tex/generic/iftex/iftex.sty
Package: iftex 2020/03/06 v1.0d TeX engine tests
))
\Gm@cnth=\count176
\Gm@cntv=\count177
\c@Gm@tempcnt=\count178
\Gm@bindingoffset=\dimen135
\Gm@wd@mp=\dimen136
\Gm@odd@mp=\dimen137
\Gm@even@mp=\dimen138
\Gm@layoutwidth=\dimen139
\Gm@layoutheight=\dimen140
\Gm@layouthoffset=\dimen141
\Gm@layoutvoffset=\dimen142
\Gm@dimlist=\toks18
)
(/home/anupam/.TinyTeX/texmf-dist/tex/latex/base/fontenc.sty
Package: fontenc 2020/02/11 v2.0o Standard LaTeX package
)
(/home/anupam/.TinyTeX/texmf-dist/tex/latex/base/fixltx2e.sty
Package: fixltx2e 2016/12/29 v2.1a fixes to LaTeX (obsolete)
Applying: [2015/01/01] Old fixltx2e package on input line 46.


Package fixltx2e Warning: fixltx2e is not required with releases after 2015
(fixltx2e)                All fixes are now in the LaTeX kernel.
(fixltx2e)                See the latexrelease package for details.

Already applied: [0000/00/00] Old fixltx2e package on input line 53.
) (/home/anupam/.TinyTeX/texmf-dist/tex/latex/graphics/graphicx.sty
Package: graphicx 2019/11/30 v1.2a Enhanced LaTeX Graphics (DPC,SPQR)

(/home/anupam/.TinyTeX/texmf-dist/tex/latex/graphics/graphics.sty
Package: graphics 2019/11/30 v1.4a Standard LaTeX Graphics (DPC,SPQR)

(/home/anupam/.TinyTeX/texmf-dist/tex/latex/graphics/trig.sty
Package: trig 2016/01/03 v1.10 sin cos tan (DPC)
)
(/home/anupam/.TinyTeX/texmf-dist/tex/latex/graphics-cfg/graphics.cfg
File: graphics.cfg 2016/06/04 v1.11 sample graphics configuration
)
Package graphics Info: Driver file: pdftex.def on input line 105.

(/home/anupam/.TinyTeX/texmf-dist/tex/latex/graphics-def/pdftex.def
File: pdftex.def 2018/01/08 v1.0l Graphics/color driver for pdftex
))
\Gin@req@height=\dimen143
\Gin@req@width=\dimen144
)
(/home/anupam/.TinyTeX/texmf-dist/tex/latex/tools/longtable.sty
Package: longtable 2020/01/07 v4.13 Multi-page Table package (DPC)
\LTleft=\skip49
\LTright=\skip50
\LTpre=\skip51
\LTpost=\skip52
\LTchunksize=\count179
\LTcapwidth=\dimen145
\LT@head=\box45
\LT@firsthead=\box46
\LT@foot=\box47
\LT@lastfoot=\box48
\LT@cols=\count180
\LT@rows=\count181
\c@LT@tables=\count182
\c@LT@chunks=\count183
\LT@p@ftn=\toks19
)
(/home/anupam/.TinyTeX/texmf-dist/tex/latex/float/float.sty
Package: float 2001/11/08 v1.3d Float enhancements (AL)
\c@float@type=\count184
\float@exts=\toks20
\float@box=\box49
\@float@everytoks=\toks21
\@floatcapt=\box50
)
(/home/anupam/.TinyTeX/texmf-dist/tex/latex/caption/subcaption.sty
Package: subcaption 2020/10/07 v1.3j Sub-captions (AR)

(/home/anupam/.TinyTeX/texmf-dist/tex/latex/caption/caption.sty
Package: caption 2020/10/26 v3.5g Customizing captions (AR)

(/home/anupam/.TinyTeX/texmf-dist/tex/latex/caption/caption3.sty
Package: caption3 2020/10/21 v2.2e caption3 kernel (AR)
\captionmargin=\dimen146
\captionmargin@=\dimen147
\captionwidth=\dimen148
\caption@tempdima=\dimen149
\caption@indent=\dimen150
\caption@parindent=\dimen151
\caption@hangindent=\dimen152
Package caption Info: Standard document class detected.
)
\c@caption@flags=\count185
\c@continuedfloat=\count186
Package caption Info: float package is loaded.
Package caption Info: longtable package is loaded.

(/home/anupam/.TinyTeX/texmf-dist/tex/latex/caption/ltcaption.sty
Package: ltcaption 2020/05/30 v1.4b longtable captions (AR)
))
\c@subfigure=\count187
\c@subtable=\count188
)
(/home/anupam/.TinyTeX/texmf-dist/tex/latex/graphics/rotating.sty
Package: rotating 2016/08/11 v2.16d rotated objects in LaTeX

(/home/anupam/.TinyTeX/texmf-dist/tex/latex/base/ifthen.sty
Package: ifthen 2014/09/29 v1.1c Standard LaTeX ifthen package (DPC)
)
\c@r@tfl@t=\count189
\rotFPtop=\skip53
\rotFPbot=\skip54
\rot@float@box=\box51
\rot@mess@toks=\toks22
)
(/home/anupam/.TinyTeX/texmf-dist/tex/latex/amsmath/amsmath.sty
Package: amsmath 2020/01/20 v2.17e AMS math features
\@mathmargin=\skip55

For additional information on amsmath, use the `?' option.
(/home/anupam/.TinyTeX/texmf-dist/tex/latex/amsmath/amstext.sty
Package: amstext 2000/06/29 v2.01 AMS text

(/home/anupam/.TinyTeX/texmf-dist/tex/latex/amsmath/amsgen.sty
File: amsgen.sty 1999/11/30 v2.0 generic functions
\@emptytoks=\toks23
\ex@=\dimen153
))
(/home/anupam/.TinyTeX/texmf-dist/tex/latex/amsmath/amsbsy.sty
Package: amsbsy 1999/11/29 v1.2d Bold Symbols
\pmbraise@=\dimen154
)
(/home/anupam/.TinyTeX/texmf-dist/tex/latex/amsmath/amsopn.sty
Package: amsopn 2016/03/08 v2.02 operator names
)
\inf@bad=\count190
LaTeX Info: Redefining \frac on input line 227.
\uproot@=\count191
\leftroot@=\count192
LaTeX Info: Redefining \overline on input line 389.
\classnum@=\count193
\DOTSCASE@=\count194
LaTeX Info: Redefining \ldots on input line 486.
LaTeX Info: Redefining \dots on input line 489.
LaTeX Info: Redefining \cdots on input line 610.
\Mathstrutbox@=\box52
\strutbox@=\box53
\big@size=\dimen155
LaTeX Font Info:    Redeclaring font encoding OML on input line 733.
LaTeX Font Info:    Redeclaring font encoding OMS on input line 734.
\macc@depth=\count195
\c@MaxMatrixCols=\count196
\dotsspace@=\muskip16
\c@parentequation=\count197
\dspbrk@lvl=\count198
\tag@help=\toks24
\row@=\count199
\column@=\count266
\maxfields@=\count267
\andhelp@=\toks25
\eqnshift@=\dimen156
\alignsep@=\dimen157
\tagshift@=\dimen158
\tagwidth@=\dimen159
\totwidth@=\dimen160
\lineht@=\dimen161
\@envbody=\toks26
\multlinegap=\skip56
\multlinetaggap=\skip57
\mathdisplay@stack=\toks27
LaTeX Info: Redefining \[ on input line 2859.
LaTeX Info: Redefining \] on input line 2860.
)
(/home/anupam/.TinyTeX/texmf-dist/tex/latex/base/textcomp.sty
Package: textcomp 2020/02/02 v2.0n Standard LaTeX package
)
(/home/anupam/.TinyTeX/texmf-dist/tex/latex/amsfonts/amssymb.sty
Package: amssymb 2013/01/14 v3.01 AMS font symbols

(/home/anupam/.TinyTeX/texmf-dist/tex/latex/amsfonts/amsfonts.sty
Package: amsfonts 2013/01/14 v3.01 Basic AMSFonts support
\symAMSa=\mathgroup4
\symAMSb=\mathgroup5
LaTeX Font Info:    Redeclaring math symbol \hbar on input line 98.
LaTeX Font Info:    Overwriting math alphabet `\mathfrak' in version `bold'
(Font)                  U/euf/m/n --> U/euf/b/n on input line 106.
))
(/home/anupam/.TinyTeX/texmf-dist/tex/latex/hyperref/hyperref.sty
Package: hyperref 2020-05-15 v7.00e Hypertext links for LaTeX

(/home/anupam/.TinyTeX/texmf-dist/tex/generic/ltxcmds/ltxcmds.sty
Package: ltxcmds 2019/12/15 v1.24 LaTeX kernel commands for general use (HO)
)
(/home/anupam/.TinyTeX/texmf-dist/tex/generic/pdftexcmds/pdftexcmds.sty
Package: pdftexcmds 2020-06-27 v0.33 Utility functions of pdfTeX for LuaTeX (HO
)

(/home/anupam/.TinyTeX/texmf-dist/tex/generic/infwarerr/infwarerr.sty
Package: infwarerr 2019/12/03 v1.5 Providing info/warning/error messages (HO)
)
Package pdftexcmds Info: \pdf@primitive is available.
Package pdftexcmds Info: \pdf@ifprimitive is available.
Package pdftexcmds Info: \pdfdraftmode found.
)
(/home/anupam/.TinyTeX/texmf-dist/tex/generic/kvsetkeys/kvsetkeys.sty
Package: kvsetkeys 2019/12/15 v1.18 Key value parser (HO)
)
(/home/anupam/.TinyTeX/texmf-dist/tex/generic/kvdefinekeys/kvdefinekeys.sty
Package: kvdefinekeys 2019-12-19 v1.6 Define keys (HO)
)
(/home/anupam/.TinyTeX/texmf-dist/tex/generic/pdfescape/pdfescape.sty
Package: pdfescape 2019/12/09 v1.15 Implements pdfTeX's escape features (HO)
)
(/home/anupam/.TinyTeX/texmf-dist/tex/latex/hycolor/hycolor.sty
Package: hycolor 2020-01-27 v1.10 Color options for hyperref/bookmark (HO)
)
(/home/anupam/.TinyTeX/texmf-dist/tex/latex/letltxmacro/letltxmacro.sty
Package: letltxmacro 2019/12/03 v1.6 Let assignment for LaTeX macros (HO)
)
(/home/anupam/.TinyTeX/texmf-dist/tex/latex/auxhook/auxhook.sty
Package: auxhook 2019-12-17 v1.6 Hooks for auxiliary files (HO)
)
(/home/anupam/.TinyTeX/texmf-dist/tex/latex/kvoptions/kvoptions.sty
Package: kvoptions 2019/11/29 v3.13 Key value format for package options (HO)
)
\@linkdim=\dimen162
\Hy@linkcounter=\count268
\Hy@pagecounter=\count269

(/home/anupam/.TinyTeX/texmf-dist/tex/latex/hyperref/pd1enc.def
File: pd1enc.def 2020-05-15 v7.00e Hyperref: PDFDocEncoding definition (HO)
Now handling font encoding PD1 ...
... no UTF-8 mapping file for font encoding PD1
)
(/home/anupam/.TinyTeX/texmf-dist/tex/generic/intcalc/intcalc.sty
Package: intcalc 2019/12/15 v1.3 Expandable calculations with integers (HO)
)
(/home/anupam/.TinyTeX/texmf-dist/tex/generic/etexcmds/etexcmds.sty
Package: etexcmds 2019/12/15 v1.7 Avoid name clashes with e-TeX commands (HO)
)
\Hy@SavedSpaceFactor=\count270
Package hyperref Info: Hyper figures OFF on input line 4464.
Package hyperref Info: Link nesting OFF on input line 4469.
Package hyperref Info: Hyper index ON on input line 4472.
Package hyperref Info: Plain pages OFF on input line 4479.
Package hyperref Info: Backreferencing OFF on input line 4484.
Package hyperref Info: Implicit mode ON; LaTeX internals redefined.
Package hyperref Info: Bookmarks ON on input line 4717.
\c@Hy@tempcnt=\count271

(/home/anupam/.TinyTeX/texmf-dist/tex/latex/url/url.sty
\Urlmuskip=\muskip17
Package: url 2013/09/16  ver 3.4  Verb mode for urls, etc.
)
LaTeX Info: Redefining \url on input line 5076.
\XeTeXLinkMargin=\dimen163

(/home/anupam/.TinyTeX/texmf-dist/tex/generic/bitset/bitset.sty
Package: bitset 2019/12/09 v1.3 Handle bit-vector datatype (HO)

(/home/anupam/.TinyTeX/texmf-dist/tex/generic/bigintcalc/bigintcalc.sty
Package: bigintcalc 2019/12/15 v1.5 Expandable calculations on big integers (HO
)
))
\Fld@menulength=\count272
\Field@Width=\dimen164
\Fld@charsize=\dimen165
Package hyperref Info: Hyper figures OFF on input line 6347.
Package hyperref Info: Link nesting OFF on input line 6352.
Package hyperref Info: Hyper index ON on input line 6355.
Package hyperref Info: backreferencing OFF on input line 6362.
Package hyperref Info: Link coloring OFF on input line 6367.
Package hyperref Info: Link coloring with OCG OFF on input line 6372.
Package hyperref Info: PDF/A mode OFF on input line 6377.
LaTeX Info: Redefining \ref on input line 6417.
LaTeX Info: Redefining \pageref on input line 6421.

(/home/anupam/.TinyTeX/texmf-dist/tex/generic/atbegshi/atbegshi.sty
Package: atbegshi 2019/12/05 v1.19 At begin shipout hook (HO)
)
\Hy@abspage=\count273
\c@Item=\count274
\c@Hfootnote=\count275
)
Package hyperref Info: Driver (autodetected): hpdftex.

(/home/anupam/.TinyTeX/texmf-dist/tex/latex/hyperref/hpdftex.def
File: hpdftex.def 2020-05-15 v7.00e Hyperref driver for pdfTeX

(/home/anupam/.TinyTeX/texmf-dist/tex/latex/atveryend/atveryend.sty
Package: atveryend 2019-12-11 v1.11 Hooks at the very end of document (HO)
Package atveryend Info: \enddocument detected (standard20110627).
)
\Fld@listcount=\count276
\c@bookmark@seq@number=\count277

(/home/anupam/.TinyTeX/texmf-dist/tex/latex/rerunfilecheck/rerunfilecheck.sty
Package: rerunfilecheck 2019/12/05 v1.9 Rerun checks for auxiliary files (HO)

(/home/anupam/.TinyTeX/texmf-dist/tex/generic/uniquecounter/uniquecounter.sty
Package: uniquecounter 2019/12/15 v1.4 Provide unlimited unique counter (HO)
)
Package uniquecounter Info: New unique counter `rerunfilecheck' on input line 2
86.
)
\Hy@SectionHShift=\skip58
) (/home/anupam/.TinyTeX/texmf-dist/tex/latex/l3backend/l3backend-pdfmode.def
File: l3backend-pdfmode.def 2020-08-07 L3 backend support: PDF mode
\l__kernel_color_stack_int=\count278
\l__pdf_internal_box=\box54
)
(./report.aux)
\openout1 = `report.aux'.

LaTeX Font Info:    Checking defaults for OML/cmm/m/it on input line 28.
LaTeX Font Info:    ... okay on input line 28.
LaTeX Font Info:    Checking defaults for OMS/cmsy/m/n on input line 28.
LaTeX Font Info:    ... okay on input line 28.
LaTeX Font Info:    Checking defaults for OT1/cmr/m/n on input line 28.
LaTeX Font Info:    ... okay on input line 28.
LaTeX Font Info:    Checking defaults for T1/cmr/m/n on input line 28.
LaTeX Font Info:    ... okay on input line 28.
LaTeX Font Info:    Checking defaults for TS1/cmr/m/n on input line 28.
LaTeX Font Info:    ... okay on input line 28.
LaTeX Font Info:    Checking defaults for OMX/cmex/m/n on input line 28.
LaTeX Font Info:    ... okay on input line 28.
LaTeX Font Info:    Checking defaults for U/cmr/m/n on input line 28.
LaTeX Font Info:    ... okay on input line 28.
LaTeX Font Info:    Checking defaults for PD1/pdf/m/n on input line 28.
LaTeX Font Info:    ... okay on input line 28.

*geometry* driver: auto-detecting
*geometry* detected driver: pdftex
*geometry* verbose mode - [ preamble ] result:
* driver: pdftex
* paper: <default>
* layout: <same size as paper>
* layoutoffset:(h,v)=(0.0pt,0.0pt)
* modes: 
* h-part:(L,W,R)=(108.405pt, 433.62001pt, 72.26999pt)
* v-part:(T,H,B)=(95.39737pt, 556.47656pt, 143.09605pt)
* \paperwidth=614.295pt
* \paperheight=794.96999pt
* \textwidth=433.62001pt
* \textheight=556.47656pt
* \oddsidemargin=36.13501pt
* \evensidemargin=36.13501pt
* \topmargin=-13.87262pt
* \headheight=12.0pt
* \headsep=25.0pt
* \topskip=11.0pt
* \footskip=30.0pt
* \marginparwidth=59.0pt
* \marginparsep=10.0pt
* \columnsep=10.0pt
* \skip\footins=10.0pt plus 4.0pt minus 2.0pt
* \hoffset=0.0pt
* \voffset=0.0pt
* \mag=1000
* \@twocolumnfalse
* \@twosidefalse
* \@mparswitchfalse
* \@reversemarginfalse
* (1in=72.27pt=25.4mm, 1cm=28.453pt)

(/home/anupam/.TinyTeX/texmf-dist/tex/latex/epstopdf-pkg/epstopdf-base.sty
Package: epstopdf-base 2020-01-24 v2.11 Base part for package epstopdf
Package epstopdf-base Info: Redefining graphics rule for `.eps' on input line 4
85.

(/home/anupam/.TinyTeX/texmf-dist/tex/latex/latexconfig/epstopdf-sys.cfg
File: epstopdf-sys.cfg 2010/07/13 v1.3 Configuration of (r)epstopdf for TeX Liv
e
))
Package caption Info: Begin \AtBeginDocument code.
Package caption Info: hyperref package is loaded.
Package caption Info: rotating package is loaded.
Package caption Info: End \AtBeginDocument code.
\AtBeginShipoutBox=\box55
Package hyperref Info: Link coloring OFF on input line 28.

(/home/anupam/.TinyTeX/texmf-dist/tex/latex/hyperref/nameref.sty
Package: nameref 2019/09/16 v2.46 Cross-referencing by name of section

(/home/anupam/.TinyTeX/texmf-dist/tex/latex/refcount/refcount.sty
Package: refcount 2019/12/15 v3.6 Data extraction from label references (HO)
)
(/home/anupam/.TinyTeX/texmf-dist/tex/generic/gettitlestring/gettitlestring.sty
Package: gettitlestring 2019/12/15 v1.6 Cleanup title references (HO)
)
\c@section@level=\count279
)
LaTeX Info: Redefining \ref on input line 28.
LaTeX Info: Redefining \pageref on input line 28.
LaTeX Info: Redefining \nameref on input line 28.
 (./report.out) (./report.out)
\@outlinefile=\write3
\openout3 = `report.out'.

LaTeX Font Info:    Trying to load font information for U+msa on input line 31.


(/home/anupam/.TinyTeX/texmf-dist/tex/latex/amsfonts/umsa.fd
File: umsa.fd 2013/01/14 v3.01 AMS symbols A
)
LaTeX Font Info:    Trying to load font information for U+msb on input line 31.


(/home/anupam/.TinyTeX/texmf-dist/tex/latex/amsfonts/umsb.fd
File: umsb.fd 2013/01/14 v3.01 AMS symbols B
)
</home/anupam/Desktop/backups/COL774/src/q1/Accuracies_with_onehot.png, id=56, 
462.528pt x 346.896pt>
File: /home/anupam/Desktop/backups/COL774/src/q1/Accuracies_with_onehot.png Gra
phic file (type png)
<use /home/anupam/Desktop/backups/COL774/src/q1/Accuracies_with_onehot.png>
Package pdftex.def Info: /home/anupam/Desktop/backups/COL774/src/q1/Accuracies_
with_onehot.png  used on input line 38.
(pdftex.def)             Requested size: 216.81pt x 162.60709pt.
</home/anupam/Desktop/backups/COL774/src/q1/Accuracies_without_onehot.png, id=5
8, 462.528pt x 346.896pt>
File: /home/anupam/Desktop/backups/COL774/src/q1/Accuracies_without_onehot.png 
Graphic file (type png)
<use /home/anupam/Desktop/backups/COL774/src/q1/Accuracies_without_onehot.png>
Package pdftex.def Info: /home/anupam/Desktop/backups/COL774/src/q1/Accuracies_
without_onehot.png  used on input line 41.
(pdftex.def)             Requested size: 216.81pt x 162.60709pt.

Overfull \hbox (7.26106pt too wide) in paragraph at lines 38--42
[][][] 
 []

[1

{/home/anupam/.TinyTeX/texmf-var/fonts/map/pdftex/updmap/pdftex.map} </home/anu
pam/Desktop/backups/COL774/src/q1/Accuracies_with_onehot.png> </home/anupam/Des
ktop/backups/COL774/src/q1/Accuracies_without_onehot.png>]
LaTeX Font Info:    Trying to load font information for T1+cmtt on input line 6
8.

(/home/anupam/.TinyTeX/texmf-dist/tex/latex/base/t1cmtt.fd
File: t1cmtt.fd 2019/12/16 v2.5j Standard LaTeX font definitions
)
Overfull \hbox (49.12073pt too wide) in paragraph at lines 66--71
\T1/cmr/m/n/10.95 The best pa-ram-e-ters ob-tained were \T1/cmtt/m/n/10.95 n_es
timators: 100, max_features:0.9, min_samples_split:
 []

</home/anupam/Desktop/backups/COL774/src/q1/sensitivity_n_estimators.png, id=74
, 462.528pt x 346.896pt>
File: /home/anupam/Desktop/backups/COL774/src/q1/sensitivity_n_estimators.png G
raphic file (type png)
<use /home/anupam/Desktop/backups/COL774/src/q1/sensitivity_n_estimators.png>
Package pdftex.def Info: /home/anupam/Desktop/backups/COL774/src/q1/sensitivity
_n_estimators.png  used on input line 76.
(pdftex.def)             Requested size: 238.49232pt x 178.8731pt.
</home/anupam/Desktop/backups/COL774/src/q1/sensitivity_max_features.png, id=75
, 462.528pt x 346.896pt>
File: /home/anupam/Desktop/backups/COL774/src/q1/sensitivity_max_features.png G
raphic file (type png)
<use /home/anupam/Desktop/backups/COL774/src/q1/sensitivity_max_features.png>
Package pdftex.def Info: /home/anupam/Desktop/backups/COL774/src/q1/sensitivity
_max_features.png  used on input line 79.
(pdftex.def)             Requested size: 238.49232pt x 178.8731pt.

Overfull \hbox (50.62572pt too wide) in paragraph at lines 76--80
[][][] 
 []


Underfull \hbox (badness 10000) in paragraph at lines 76--80

 []

</home/anupam/Desktop/backups/COL774/src/q1/sensitivity_min_samples_split.png, 
id=76, 462.528pt x 346.896pt>
File: /home/anupam/Desktop/backups/COL774/src/q1/sensitivity_min_samples_split.
png Graphic file (type png)
<use /home/anupam/Desktop/backups/COL774/src/q1/sensitivity_min_samples_split.p
ng>
Package pdftex.def Info: /home/anupam/Desktop/backups/COL774/src/q1/sensitivity
_min_samples_split.png  used on input line 83.
(pdftex.def)             Requested size: 260.17465pt x 195.1391pt.
</home/anupam/Desktop/backups/COL774/src/q2/backup/acc.png, id=79, 462.528pt x 
346.896pt>
File: /home/anupam/Desktop/backups/COL774/src/q2/backup/acc.png Graphic file (t
ype png)
<use /home/anupam/Desktop/backups/COL774/src/q2/backup/acc.png>
Package pdftex.def Info: /home/anupam/Desktop/backups/COL774/src/q2/backup/acc.
png  used on input line 109.
(pdftex.def)             Requested size: 216.81pt x 162.60709pt.
</home/anupam/Desktop/backups/COL774/src/q2/backup/times.png, id=80, 462.528pt 
x 346.896pt>
File: /home/anupam/Desktop/backups/COL774/src/q2/backup/times.png Graphic file 
(type png)
<use /home/anupam/Desktop/backups/COL774/src/q2/backup/times.png>
Package pdftex.def Info: /home/anupam/Desktop/backups/COL774/src/q2/backup/time
s.png  used on input line 112.
(pdftex.def)             Requested size: 216.81pt x 162.60709pt.

Overfull \hbox (7.26106pt too wide) in paragraph at lines 109--113
[][][] 
 []

</home/anupam/Desktop/backups/COL774/src/q2/backup/hidden_5.png, id=81, 462.528
pt x 346.896pt>
File: /home/anupam/Desktop/backups/COL774/src/q2/backup/hidden_5.png Graphic fi
le (type png)
<use /home/anupam/Desktop/backups/COL774/src/q2/backup/hidden_5.png>
Package pdftex.def Info: /home/anupam/Desktop/backups/COL774/src/q2/backup/hidd
en_5.png  used on input line 118.
(pdftex.def)             Requested size: 216.81pt x 162.60709pt.
</home/anupam/Desktop/backups/COL774/src/q2/backup/hidden_10.png, id=82, 462.52
8pt x 346.896pt>
File: /home/anupam/Desktop/backups/COL774/src/q2/backup/hidden_10.png Graphic f
ile (type png)
<use /home/anupam/Desktop/backups/COL774/src/q2/backup/hidden_10.png>
Package pdftex.def Info: /home/anupam/Desktop/backups/COL774/src/q2/backup/hidd
en_10.png  used on input line 121.
(pdftex.def)             Requested size: 216.81pt x 162.60709pt.
</home/anupam/Desktop/backups/COL774/src/q2/backup/hidden_15.png, id=83, 462.52
8pt x 346.896pt>
File: /home/anupam/Desktop/backups/COL774/src/q2/backup/hidden_15.png Graphic f
ile (type png)
<use /home/anupam/Desktop/backups/COL774/src/q2/backup/hidden_15.png>
Package pdftex.def Info: /home/anupam/Desktop/backups/COL774/src/q2/backup/hidd
en_15.png  used on input line 124.
(pdftex.def)             Requested size: 216.81pt x 162.60709pt.
</home/anupam/Desktop/backups/COL774/src/q2/backup/hidden_20.png, id=84, 462.52
8pt x 346.896pt>
File: /home/anupam/Desktop/backups/COL774/src/q2/backup/hidden_20.png Graphic f
ile (type png)
<use /home/anupam/Desktop/backups/COL774/src/q2/backup/hidden_20.png>
Package pdftex.def Info: /home/anupam/Desktop/backups/COL774/src/q2/backup/hidd
en_20.png  used on input line 127.
(pdftex.def)             Requested size: 216.81pt x 162.60709pt.
</home/anupam/Desktop/backups/COL774/src/q2/backup/hidden_25.png, id=85, 462.52
8pt x 346.896pt>
File: /home/anupam/Desktop/backups/COL774/src/q2/backup/hidden_25.png Graphic f
ile (type png)
<use /home/anupam/Desktop/backups/COL774/src/q2/backup/hidden_25.png>
Package pdftex.def Info: /home/anupam/Desktop/backups/COL774/src/q2/backup/hidd
en_25.png  used on input line 130.
(pdftex.def)             Requested size: 216.81pt x 162.60709pt.
</home/anupam/Desktop/backups/COL774/src/q2/backup/hidden_100.png, id=86, 462.5
28pt x 346.896pt>
File: /home/anupam/Desktop/backups/COL774/src/q2/backup/hidden_100.png Graphic 
file (type png)
<use /home/anupam/Desktop/backups/COL774/src/q2/backup/hidden_100.png>
Package pdftex.def Info: /home/anupam/Desktop/backups/COL774/src/q2/backup/hidd
en_100.png  used on input line 133.
(pdftex.def)             Requested size: 216.81pt x 162.60709pt.

Overfull \hbox (7.26106pt too wide) in paragraph at lines 118--134
[][][] 
 []


Overfull \hbox (7.26106pt too wide) in paragraph at lines 118--134
[][] 
 []


Overfull \hbox (7.26106pt too wide) in paragraph at lines 118--134
[][] 
 []


LaTeX Warning: Float too large for page by 10.94469pt on input line 135.

[2] [3 </home/anupam/Desktop/backups/COL774/src/q1/sensitivity_n_estimators.png
> </home/anupam/Desktop/backups/COL774/src/q1/sensitivity_max_features.png> </h
ome/anupam/Desktop/backups/COL774/src/q1/sensitivity_min_samples_split.png>]
[4 </home/anupam/Desktop/backups/COL774/src/q2/backup/acc.png> </home/anupam/De
sktop/backups/COL774/src/q2/backup/times.png>] [5 </home/anupam/Desktop/backups
/COL774/src/q2/backup/hidden_5.png> </home/anupam/Desktop/backups/COL774/src/q2
/backup/hidden_10.png> </home/anupam/Desktop/backups/COL774/src/q2/backup/hidde
n_15.png> </home/anupam/Desktop/backups/COL774/src/q2/backup/hidden_20.png> </h
ome/anupam/Desktop/backups/COL774/src/q2/backup/hidden_25.png> </home/anupam/De
sktop/backups/COL774/src/q2/backup/hidden_100.png>]
</home/anupam/Desktop/backups/COL774/src/q2/backup_adaptive/acc.png, id=122, 46
2.528pt x 346.896pt>
File: /home/anupam/Desktop/backups/COL774/src/q2/backup_adaptive/acc.png Graphi
c file (type png)
<use /home/anupam/Desktop/backups/COL774/src/q2/backup_adaptive/acc.png>
Package pdftex.def Info: /home/anupam/Desktop/backups/COL774/src/q2/backup_adap
tive/acc.png  used on input line 163.
(pdftex.def)             Requested size: 216.81pt x 162.60709pt.
</home/anupam/Desktop/backups/COL774/src/q2/backup_adaptive/times.png, id=123, 
462.528pt x 346.896pt>
File: /home/anupam/Desktop/backups/COL774/src/q2/backup_adaptive/times.png Grap
hic file (type png)
<use /home/anupam/Desktop/backups/COL774/src/q2/backup_adaptive/times.png>
Package pdftex.def Info: /home/anupam/Desktop/backups/COL774/src/q2/backup_adap
tive/times.png  used on input line 166.
(pdftex.def)             Requested size: 216.81pt x 162.60709pt.

Overfull \hbox (7.26106pt too wide) in paragraph at lines 163--167
[][][] 
 []

</home/anupam/Desktop/backups/COL774/src/q2/backup_adaptive/hidden_5.png, id=12
4, 462.528pt x 346.896pt>
File: /home/anupam/Desktop/backups/COL774/src/q2/backup_adaptive/hidden_5.png G
raphic file (type png)
<use /home/anupam/Desktop/backups/COL774/src/q2/backup_adaptive/hidden_5.png>
Package pdftex.def Info: /home/anupam/Desktop/backups/COL774/src/q2/backup_adap
tive/hidden_5.png  used on input line 172.
(pdftex.def)             Requested size: 216.81pt x 162.60709pt.
</home/anupam/Desktop/backups/COL774/src/q2/backup_adaptive/hidden_10.png, id=1
25, 462.528pt x 346.896pt>
File: /home/anupam/Desktop/backups/COL774/src/q2/backup_adaptive/hidden_10.png 
Graphic file (type png)
<use /home/anupam/Desktop/backups/COL774/src/q2/backup_adaptive/hidden_10.png>
Package pdftex.def Info: /home/anupam/Desktop/backups/COL774/src/q2/backup_adap
tive/hidden_10.png  used on input line 175.
(pdftex.def)             Requested size: 216.81pt x 162.60709pt.
</home/anupam/Desktop/backups/COL774/src/q2/backup_adaptive/hidden_15.png, id=1
26, 462.528pt x 346.896pt>
File: /home/anupam/Desktop/backups/COL774/src/q2/backup_adaptive/hidden_15.png 
Graphic file (type png)
<use /home/anupam/Desktop/backups/COL774/src/q2/backup_adaptive/hidden_15.png>
Package pdftex.def Info: /home/anupam/Desktop/backups/COL774/src/q2/backup_adap
tive/hidden_15.png  used on input line 178.
(pdftex.def)             Requested size: 216.81pt x 162.60709pt.
</home/anupam/Desktop/backups/COL774/src/q2/backup_adaptive/hidden_20.png, id=1
27, 462.528pt x 346.896pt>
File: /home/anupam/Desktop/backups/COL774/src/q2/backup_adaptive/hidden_20.png 
Graphic file (type png)
<use /home/anupam/Desktop/backups/COL774/src/q2/backup_adaptive/hidden_20.png>
Package pdftex.def Info: /home/anupam/Desktop/backups/COL774/src/q2/backup_adap
tive/hidden_20.png  used on input line 181.
(pdftex.def)             Requested size: 216.81pt x 162.60709pt.
</home/anupam/Desktop/backups/COL774/src/q2/backup_adaptive/hidden_25.png, id=1
28, 462.528pt x 346.896pt>
File: /home/anupam/Desktop/backups/COL774/src/q2/backup_adaptive/hidden_25.png 
Graphic file (type png)
<use /home/anupam/Desktop/backups/COL774/src/q2/backup_adaptive/hidden_25.png>
Package pdftex.def Info: /home/anupam/Desktop/backups/COL774/src/q2/backup_adap
tive/hidden_25.png  used on input line 184.
(pdftex.def)             Requested size: 216.81pt x 162.60709pt.

Overfull \hbox (7.26106pt too wide) in paragraph at lines 172--185
[][][] 
 []


Overfull \hbox (7.26106pt too wide) in paragraph at lines 172--185
[][] 
 []


LaTeX Warning: Float too large for page by 24.5447pt on input line 186.

[6

 </home/anupam/Desktop/backups/COL774/src/q2/backup_adaptive/acc.png> </home/an
upam/Desktop/backups/COL774/src/q2/backup_adaptive/times.png>] [7 </home/anupam
/Desktop/backups/COL774/src/q2/backup_adaptive/hidden_5.png> </home/anupam/Desk
top/backups/COL774/src/q2/backup_adaptive/hidden_10.png> </home/anupam/Desktop/
backups/COL774/src/q2/backup_adaptive/hidden_15.png> </home/anupam/Desktop/back
ups/COL774/src/q2/backup_adaptive/hidden_20.png> </home/anupam/Desktop/backups/
COL774/src/q2/backup_adaptive/hidden_25.png>]
</home/anupam/Desktop/backups/COL774/src/q2/backup_adaptive/hidden_100_100_relu
.png, id=147, 462.528pt x 346.896pt>
File: /home/anupam/Desktop/backups/COL774/src/q2/backup_adaptive/hidden_100_100
_relu.png Graphic file (type png)
<use /home/anupam/Desktop/backups/COL774/src/q2/backup_adaptive/hidden_100_100_
relu.png>
Package pdftex.def Info: /home/anupam/Desktop/backups/COL774/src/q2/backup_adap
tive/hidden_100_100_relu.png  used on input line 198.
(pdftex.def)             Requested size: 390.25536pt x 292.70335pt.
</home/anupam/Desktop/backups/COL774/src/q2/backup_adaptive/hidden_100_100.png,
 id=148, 462.528pt x 346.896pt>
File: /home/anupam/Desktop/backups/COL774/src/q2/backup_adaptive/hidden_100_100
.png Graphic file (type png)
<use /home/anupam/Desktop/backups/COL774/src/q2/backup_adaptive/hidden_100_100.
png>
Package pdftex.def Info: /home/anupam/Desktop/backups/COL774/src/q2/backup_adap
tive/hidden_100_100.png  used on input line 202.
(pdftex.def)             Requested size: 390.25536pt x 292.70335pt.
 [8

 </home/anupam/Desktop/backups/COL774/src/q2/backup_adaptive/hidden_100_100_rel
u.png>] [9 </home/anupam/Desktop/backups/COL774/src/q2/backup_adaptive/hidden_1
00_100.png>]
</home/anupam/Desktop/backups/COL774/src/q2/conf_mat_sklearn_relu.png, id=162, 
462.528pt x 346.896pt>
File: /home/anupam/Desktop/backups/COL774/src/q2/conf_mat_sklearn_relu.png Grap
hic file (type png)
<use /home/anupam/Desktop/backups/COL774/src/q2/conf_mat_sklearn_relu.png>
Package pdftex.def Info: /home/anupam/Desktop/backups/COL774/src/q2/conf_mat_sk
learn_relu.png  used on input line 214.
(pdftex.def)             Requested size: 390.25536pt x 292.70335pt.
</home/anupam/Desktop/backups/COL774/src/q2/hidden_bal.png, id=163, 462.528pt x
 346.896pt>
File: /home/anupam/Desktop/backups/COL774/src/q2/hidden_bal.png Graphic file (t
ype png)
<use /home/anupam/Desktop/backups/COL774/src/q2/hidden_bal.png>
Package pdftex.def Info: /home/anupam/Desktop/backups/COL774/src/q2/hidden_bal.
png  used on input line 227.
(pdftex.def)             Requested size: 390.25536pt x 292.70335pt.
 [10

 </home/anupam/Desktop/backups/COL774/src/q2/conf_mat_sklearn_relu.png>] [11 </
home/anupam/Desktop/backups/COL774/src/q2/hidden_bal.png>]
Overfull \hbox (45.03839pt too wide) in paragraph at lines 235--236
[]\T1/cmr/m/n/10.95 codingame, ``Deep Learn-ing From Scratch'', https://www.cod
ingame.com/playgrounds/9487/deep-
 []


Underfull \hbox (badness 10000) in paragraph at lines 235--236
\T1/cmr/m/n/10.95 learning-from-scratch--theory-and-implementation/computationa
l-graphs, ac-cessed:
 []

Package atveryend Info: Empty hook `BeforeClearDocument' on input line 238.
[12

]
Package atveryend Info: Empty hook `AfterLastShipout' on input line 238.
 (./report.aux)
Package atveryend Info: Executing hook `AtVeryEndDocument' on input line 238.
Package atveryend Info: Executing hook `AtEndAfterFileList' on input line 238.
Package rerunfilecheck Info: File `report.out' has not changed.
(rerunfilecheck)             Checksum: 641D2247E3EE42A922ED2714EB5BF268;694.


LaTeX Warning: Label(s) may have changed. Rerun to get cross-references right.

Package atveryend Info: Empty hook `AtVeryVeryEnd' on input line 238.
 ) 
Here is how much of TeX's memory you used:
 8448 strings out of 482841
 136503 string characters out of 5957101
 394042 words of memory out of 5000000
 23589 multiletter control sequences out of 15000+600000
 549980 words of font info for 65 fonts, out of 8000000 for 9000
 14 hyphenation exceptions out of 8191
 46i,10n,47p,301b,530s stack positions out of 5000i,500n,10000p,200000b,80000s
 </home/anupam/.TinyTeX/texmf-var/fonts/pk/ljfour/jknappen/ec/ecti1095.600pk>
 </home/anupam/.TinyTeX/texmf-var/fonts/pk/ljfour/jknappen/ec/ecbx1095.600pk> <
/home/anupam/.TinyTeX/texmf-var/fonts/pk/ljfour/jknappen/ec/ectt1095.600pk> </h
ome/anupam/.TinyTeX/texmf-var/fonts/pk/ljfour/jknappen/ec/ecrm1095.600pk> </hom
e/anupam/.TinyTeX/texmf-var/fonts/pk/ljfour/jknappen/ec/ecrm1000.600pk> </home/
anupam/.TinyTeX/texmf-var/fonts/pk/ljfour/jknappen/ec/ecbx1200.600pk> </home/an
upam/.TinyTeX/texmf-var/fonts/pk/ljfour/jknappen/ec/ecbx1440.600pk> </home/anup
am/.TinyTeX/texmf-var/fonts/pk/ljfour/jknappen/ec/ecrm1200.600pk> </home/anupam
/.TinyTeX/texmf-var/fonts/pk/ljfour/jknappen/ec/ecrm1728.600pk></home/anupam/.T
inyTeX/texmf-dist/fonts/type1/public/amsfonts/cm/cmmi10.pfb></home/anupam/.Tiny
TeX/texmf-dist/fonts/type1/public/amsfonts/cm/cmr10.pfb></home/anupam/.TinyTeX/
texmf-dist/fonts/type1/public/amsfonts/cm/cmsy10.pfb>
Output written on report.pdf (12 pages, 689514 bytes).
PDF statistics:
 449 PDF objects out of 1000 (max. 8388607)
 167 compressed objects within 2 object streams
 39 named destinations out of 1000 (max. 500000)
 225 words of extra memory for PDF output out of 10000 (max. 10000000)

